<?xml version="1.0" encoding="UTF-8"?>
<testsuite xmlns:xsi="http://www.w3.org/2001/XMLSchema-instance" xsi:noNamespaceSchemaLocation="https://maven.apache.org/surefire/maven-surefire-plugin/xsd/surefire-test-report-3.0.xsd" version="3.0" name="com.zoetis.zdms.config.JacksonConfigTest" time="32.446" tests="1" errors="0" skipped="0" failures="0">
  <properties>
[...]
</properties>
  <testcase name="shouldUseJsonNullableModule" classname="com.zoetis.zdms.config.JacksonConfigTest" time="2.033">
    <system-out><![CDATA[2022-08-22 09:15:41,550 main DEBUG Apache Log4j Core 2.17.2 initializing configuration XmlConfiguration[location=C:\ZMDS_BACKEND\zdms\target\classes\log4j2.xml]
2022-08-22 09:15:41,553 main DEBUG PluginManager 'Core' found 127 plugins
2022-08-22 09:15:41,554 main DEBUG PluginManager 'Level' found 0 plugins
2022-08-22 09:15:41,559 main DEBUG PluginManager 'Lookup' found 16 plugins
2022-08-22 09:15:41,563 main DEBUG Building Plugin[name=layout, class=org.apache.logging.log4j.core.layout.PatternLayout].
2022-08-22 09:15:41,575 main DEBUG PluginManager 'TypeConverter' found 26 plugins
2022-08-22 09:15:41,600 main DEBUG PatternLayout$Builder(pattern="%d %highlight{[%-5p]}{STYLE=Logback} %c - %m - %X - %hmac{key} %n", PatternSelector=null, Configuration(LogConfiguration), Replace=null, charset="null", alwaysWriteExceptions="null", disableAnsi="null", noConsoleNoAnsi="null", header="null", footer="null", )
2022-08-22 09:15:41,600 main DEBUG PluginManager 'Converter' found 48 plugins
2022-08-22 09:15:41,631 main ERROR Unrecognized format specifier [hmac]
2022-08-22 09:15:41,631 main ERROR Unrecognized conversion specifier [hmac] starting at position 62 in conversion pattern.
2022-08-22 09:15:41,633 main DEBUG Building Plugin[name=appender, class=org.apache.logging.log4j.core.appender.ConsoleAppender].
2022-08-22 09:15:41,647 main DEBUG ConsoleAppender$Builder(target="null", follow="null", direct="null", , bufferedIo="null", bufferSize="null", immediateFlush="null", , ignoreExceptions="null", PatternLayout(%d %highlight{[%-5p]}{STYLE=Logback} %c - %m - %X - %hmac{key} %n), name="ConsoleAppender", Configuration(LogConfiguration), , Filter=null, ={}, )
2022-08-22 09:15:41,655 main DEBUG Starting OutputStreamManager SYSTEM_OUT.false.false
2022-08-22 09:15:41,656 main DEBUG Building Plugin[name=layout, class=org.apache.logging.log4j.core.layout.PatternLayout].
2022-08-22 09:15:41,657 main DEBUG PatternLayout$Builder(pattern="%d %highlight{[%-5p]}{STYLE=Logback} %c - %m - %X - %hmac{key} %n", PatternSelector=null, Configuration(LogConfiguration), Replace=null, charset="null", alwaysWriteExceptions="null", disableAnsi="null", noConsoleNoAnsi="null", header="null", footer="null", )
2022-08-22 09:15:41,659 main ERROR Unrecognized format specifier [hmac]
2022-08-22 09:15:41,660 main ERROR Unrecognized conversion specifier [hmac] starting at position 62 in conversion pattern.
2022-08-22 09:15:41,660 main DEBUG Building Plugin[name=TimeBasedTriggeringPolicy, class=org.apache.logging.log4j.core.appender.rolling.TimeBasedTriggeringPolicy].
2022-08-22 09:15:41,666 main DEBUG TimeBasedTriggeringPolicy$Builder(interval="1", modulate="null", maxRandomDelay="null", )
2022-08-22 09:15:41,667 main DEBUG Building Plugin[name=Policies, class=org.apache.logging.log4j.core.appender.rolling.CompositeTriggeringPolicy].
2022-08-22 09:15:41,671 main DEBUG createPolicy(={TimeBasedTriggeringPolicy(nextRolloverMillis=0, interval=1, modulate=false)})
2022-08-22 09:15:41,672 main DEBUG Building Plugin[name=DefaultRolloverStrategy, class=org.apache.logging.log4j.core.appender.rolling.DefaultRolloverStrategy].
2022-08-22 09:15:41,678 main DEBUG DefaultRolloverStrategy$Builder(max="5", min="null", fileIndex="null", compressionLevel="null", ={}, stopCustomActionsOnError="null", tempCompressedFilePattern="null", Configuration(LogConfiguration), )
2022-08-22 09:15:41,678 main DEBUG Building Plugin[name=appender, class=org.apache.logging.log4j.core.appender.RollingFileAppender].
2022-08-22 09:15:41,684 main DEBUG RollingFileAppender$Builder(fileName="/app/zmds-server/zmds-logs/zmds-server.log", filePattern="/app/zmds-server/zmds-logs/zmds-server.%d{yyyy-MM-dd}.log.gz", append="null", locking="null", Policies(CompositeTriggeringPolicy(policies=[TimeBasedTriggeringPolicy(nextRolloverMillis=0, interval=1, modulate=false)])), DefaultRolloverStrategy(DefaultRolloverStrategy(min=1, max=5, useMax=true)), advertise="null", advertiseUri="null", createOnDemand="null", filePermissions="null", fileOwner="null", fileGroup="null", , bufferedIo="null", bufferSize="null", immediateFlush="null", , ignoreExceptions="false", PatternLayout(%d %highlight{[%-5p]}{STYLE=Logback} %c - %m - %X - %hmac{key} %n), name="RollingFile", Configuration(LogConfiguration), , Filter=null, ={}, )
2022-08-22 09:15:41,706 main DEBUG Returning file creation time for C:\app\zmds-server\zmds-logs\zmds-server.log
2022-08-22 09:15:41,708 main DEBUG Starting RollingFileManager /app/zmds-server/zmds-logs/zmds-server.log
2022-08-22 09:15:41,712 main DEBUG PluginManager 'FileConverter' found 2 plugins
2022-08-22 09:15:41,720 main DEBUG Setting prev file time to 2022-07-29T06:50:45.952-0400
2022-08-22 09:15:41,721 main DEBUG Initializing triggering policy CompositeTriggeringPolicy(policies=[TimeBasedTriggeringPolicy(nextRolloverMillis=0, interval=1, modulate=false)])
2022-08-22 09:15:41,721 main DEBUG Initializing triggering policy TimeBasedTriggeringPolicy(nextRolloverMillis=0, interval=1, modulate=false)
2022-08-22 09:15:41,723 main DEBUG Building Plugin[name=appenders, class=org.apache.logging.log4j.core.config.AppendersPlugin].
2022-08-22 09:15:41,724 main DEBUG createAppenders(={ConsoleAppender, RollingFile})
2022-08-22 09:15:41,725 main DEBUG Building Plugin[name=AppenderRef, class=org.apache.logging.log4j.core.config.AppenderRef].
2022-08-22 09:15:41,732 main DEBUG createAppenderRef(ref="ConsoleAppender", level="null", Filter=null)
2022-08-22 09:15:41,733 main DEBUG Building Plugin[name=AppenderRef, class=org.apache.logging.log4j.core.config.AppenderRef].
2022-08-22 09:15:41,747 main DEBUG createAppenderRef(ref="RollingFile", level="null", Filter=null)
2022-08-22 09:15:41,747 main DEBUG Building Plugin[name=root, class=org.apache.logging.log4j.core.config.LoggerConfig$RootLogger].
2022-08-22 09:15:41,753 main DEBUG LoggerConfig$RootLogger$Builder(additivity="null", level="INFO", levelAndRefs="null", includeLocation="null", ={ConsoleAppender, RollingFile}, ={}, Configuration(LogConfiguration), Filter=null, )
2022-08-22 09:15:41,758 main DEBUG Building Plugin[name=loggers, class=org.apache.logging.log4j.core.config.LoggersPlugin].
2022-08-22 09:15:41,760 main DEBUG createLoggers(={root})
2022-08-22 09:15:41,761 main DEBUG Configuration XmlConfiguration[location=C:\ZMDS_BACKEND\zdms\target\classes\log4j2.xml] initialized
2022-08-22 09:15:41,762 main DEBUG Starting configuration XmlConfiguration[location=C:\ZMDS_BACKEND\zdms\target\classes\log4j2.xml]
2022-08-22 09:15:41,762 main DEBUG Started configuration XmlConfiguration[location=C:\ZMDS_BACKEND\zdms\target\classes\log4j2.xml] OK.
2022-08-22 09:15:41,763 main DEBUG Shutting down OutputStreamManager SYSTEM_OUT.false.false-1
2022-08-22 09:15:41,763 main DEBUG OutputStream closed
2022-08-22 09:15:41,764 main DEBUG Shut down OutputStreamManager SYSTEM_OUT.false.false-1, all resources released: true
2022-08-22 09:15:41,764 main DEBUG Appender DefaultConsole-1 stopped with status true
2022-08-22 09:15:41,765 main DEBUG Stopped org.apache.logging.log4j.core.config.DefaultConfiguration@74fc3fc7 OK
2022-08-22 09:15:41,859 main DEBUG Registering MBean org.apache.logging.log4j2:type=2aae9190
2022-08-22 09:15:41,865 main DEBUG Registering MBean org.apache.logging.log4j2:type=2aae9190,component=StatusLogger
2022-08-22 09:15:41,873 main DEBUG Registering MBean org.apache.logging.log4j2:type=2aae9190,component=ContextSelector
2022-08-22 09:15:41,876 main DEBUG Registering MBean org.apache.logging.log4j2:type=2aae9190,component=Loggers,name=
2022-08-22 09:15:41,879 main DEBUG Registering MBean org.apache.logging.log4j2:type=2aae9190,component=Appenders,name=ConsoleAppender
2022-08-22 09:15:41,884 main DEBUG Registering MBean org.apache.logging.log4j2:type=2aae9190,component=Appenders,name=RollingFile
2022-08-22 09:15:41,900 main DEBUG org.apache.logging.log4j.core.util.SystemClock supports precise timestamps.
2022-08-22 09:15:41,901 main DEBUG Reconfiguration complete for context[name=2aae9190] at URI C:\ZMDS_BACKEND\zdms\target\classes\log4j2.xml (org.apache.logging.log4j.core.LoggerContext@cd93621) with optional ClassLoader: null
2022-08-22 09:15:41,902 main DEBUG Shutdown hook enabled. Registering a new one.
2022-08-22 09:15:41,905 main DEBUG LoggerContext[name=2aae9190, org.apache.logging.log4j.core.LoggerContext@cd93621] started OK.
2022-08-22 09:15:42,091 [INFO ] org.springframework.boot.test.context.SpringBootTestContextBootstrapper - Neither @ContextConfiguration nor @ContextHierarchy found for test class [com.zoetis.zdms.config.JacksonConfigTest], using SpringBootContextLoader - {} - %hmac 
2022-08-22 09:15:42,099 main DEBUG Formatting file name. useCurrentTime=false. currentFileTime=1661174142098, prevFileTime=1659067200000
2022-08-22 09:15:42,106 main DEBUG Formatting file name. useCurrentTime=false. currentFileTime=1661174142098, prevFileTime=1659067200000
2022-08-22 09:15:42,111 main DEBUG OutputStream closed
2022-08-22 09:15:42,112 main DEBUG RollingFileManager executing synchronous FileRenameAction[\app\zmds-server\zmds-logs\zmds-server.log to \app\zmds-server\zmds-logs\zmds-server.2022-07-29.log, renameEmptyFiles=false]
2022-08-22 09:15:42,117 main DEBUG RollingFileManager executing async GzCompressAction[\app\zmds-server\zmds-logs\zmds-server.2022-07-29.log to \app\zmds-server\zmds-logs\zmds-server.2022-07-29.log.gz, deleteSource=true]
2022-08-22 09:15:42,120 main DEBUG Now writing to /app/zmds-server/zmds-logs/zmds-server.log at 2022-08-22T09:15:42.119-0400
2022-08-22 09:15:42,129 main DEBUG AsyncLogger.ThreadNameStrategy=UNCACHED (user specified null, default is UNCACHED)
2022-08-22 09:15:42,130 main DEBUG org.apache.logging.log4j.core.util.SystemClock supports precise timestamps.
2022-08-22 09:15:42,147 [INFO ] org.springframework.test.context.support.AbstractContextLoader - Could not detect default resource locations for test class [com.zoetis.zdms.config.JacksonConfigTest]: no resource found for suffixes {-context.xml, Context.groovy}. - {} - %hmac 
2022-08-22 09:15:42,150 [INFO ] org.springframework.test.context.support.AnnotationConfigContextLoaderUtils - Could not detect default configuration classes for test class [com.zoetis.zdms.config.JacksonConfigTest]: JacksonConfigTest does not declare any static, non-private, non-final, nested classes annotated with @Configuration. - {} - %hmac 
2022-08-22 09:15:42,509 [INFO ] org.springframework.boot.test.context.SpringBootTestContextBootstrapper - Found @SpringBootConfiguration com.zoetis.zdms.Application for test class com.zoetis.zdms.config.JacksonConfigTest - {} - %hmac 
2022-08-22 09:15:42,826 [INFO ] org.springframework.boot.test.context.SpringBootTestContextBootstrapper - Loaded default TestExecutionListener class names from location [META-INF/spring.factories]: [org.springframework.boot.test.mock.mockito.MockitoTestExecutionListener, org.springframework.boot.test.mock.mockito.ResetMocksTestExecutionListener, org.springframework.boot.test.autoconfigure.restdocs.RestDocsTestExecutionListener, org.springframework.boot.test.autoconfigure.web.client.MockRestServiceServerResetTestExecutionListener, org.springframework.boot.test.autoconfigure.web.servlet.MockMvcPrintOnlyOnFailureTestExecutionListener, org.springframework.boot.test.autoconfigure.web.servlet.WebDriverTestExecutionListener, org.springframework.boot.test.autoconfigure.webservices.client.MockWebServiceServerTestExecutionListener, org.springframework.test.context.web.ServletTestExecutionListener, org.springframework.test.context.support.DirtiesContextBeforeModesTestExecutionListener, org.springframework.test.context.event.ApplicationEventsTestExecutionListener, org.springframework.test.context.support.DependencyInjectionTestExecutionListener, org.springframework.test.context.support.DirtiesContextTestExecutionListener, org.springframework.test.context.transaction.TransactionalTestExecutionListener, org.springframework.test.context.jdbc.SqlScriptsTestExecutionListener, org.springframework.test.context.event.EventPublishingTestExecutionListener] - {} - %hmac 
2022-08-22 09:15:42,885 [INFO ] org.springframework.boot.test.context.SpringBootTestContextBootstrapper - Using TestExecutionListeners: [org.springframework.test.context.web.ServletTestExecutionListener@7d28d525, org.springframework.test.context.support.DirtiesContextBeforeModesTestExecutionListener@4873c645, org.springframework.test.context.event.ApplicationEventsTestExecutionListener@7e7e34ef, org.springframework.boot.test.mock.mockito.MockitoTestExecutionListener@e7c3ba2, org.springframework.boot.test.autoconfigure.SpringBootDependencyInjectionTestExecutionListener@35c646b5, org.springframework.test.context.support.DirtiesContextTestExecutionListener@6351efa6, org.springframework.test.context.transaction.TransactionalTestExecutionListener@6c07666f, org.springframework.test.context.jdbc.SqlScriptsTestExecutionListener@349e166, org.springframework.test.context.event.EventPublishingTestExecutionListener@4bdec54, org.springframework.boot.test.mock.mockito.ResetMocksTestExecutionListener@68fd0fba, org.springframework.boot.test.autoconfigure.restdocs.RestDocsTestExecutionListener@3f9e38d4, org.springframework.boot.test.autoconfigure.web.client.MockRestServiceServerResetTestExecutionListener@7310bc90, org.springframework.boot.test.autoconfigure.web.servlet.MockMvcPrintOnlyOnFailureTestExecutionListener@18a421ea, org.springframework.boot.test.autoconfigure.web.servlet.WebDriverTestExecutionListener@18247d9b, org.springframework.boot.test.autoconfigure.webservices.client.MockWebServiceServerTestExecutionListener@5632bed3] - {} - %hmac 
2022-08-22 09:15:43,786 main DEBUG Reconfiguration started for context[name=2aae9190] at URI null (org.apache.logging.log4j.core.LoggerContext@cd93621) with optional ClassLoader: null
2022-08-22 09:15:43,786 main DEBUG Using configurationFactory org.apache.logging.log4j.core.config.ConfigurationFactory$Factory@6707ab9
2022-08-22 09:15:43,803 main DEBUG PluginManager 'Lookup' found 16 plugins
2022-08-22 09:15:43,805 main DEBUG Closing BufferedInputStream java.io.BufferedInputStream@1b48c142
2022-08-22 09:15:43,815 main DEBUG Apache Log4j Core 2.17.2 initializing configuration XmlConfiguration[location=C:\ZMDS_BACKEND\zdms\target\classes\log4j2.xml]
2022-08-22 09:15:43,815 main DEBUG PluginManager 'Core' found 127 plugins
2022-08-22 09:15:43,816 main DEBUG PluginManager 'Level' found 0 plugins
2022-08-22 09:15:43,817 main DEBUG PluginManager 'Lookup' found 16 plugins
2022-08-22 09:15:43,818 main DEBUG Building Plugin[name=layout, class=org.apache.logging.log4j.core.layout.PatternLayout].
2022-08-22 09:15:43,820 main DEBUG PatternLayout$Builder(pattern="%d %highlight{[%-5p]}{STYLE=Logback} %c - %m - %X - %hmac{key} %n", PatternSelector=null, Configuration(LogConfiguration), Replace=null, charset="null", alwaysWriteExceptions="null", disableAnsi="null", noConsoleNoAnsi="null", header="null", footer="null", )
2022-08-22 09:15:43,821 main DEBUG PluginManager 'Converter' found 48 plugins
2022-08-22 09:15:43,823 main ERROR Unrecognized format specifier [hmac]
2022-08-22 09:15:43,823 main ERROR Unrecognized conversion specifier [hmac] starting at position 62 in conversion pattern.
2022-08-22 09:15:43,824 main DEBUG Building Plugin[name=appender, class=org.apache.logging.log4j.core.appender.ConsoleAppender].
2022-08-22 09:15:43,825 main DEBUG ConsoleAppender$Builder(target="null", follow="null", direct="null", , bufferedIo="null", bufferSize="null", immediateFlush="null", , ignoreExceptions="null", PatternLayout(%d %highlight{[%-5p]}{STYLE=Logback} %c - %m - %X - %hmac{key} %n), name="ConsoleAppender", Configuration(LogConfiguration), , Filter=null, ={}, )
2022-08-22 09:15:43,830 main DEBUG Building Plugin[name=layout, class=org.apache.logging.log4j.core.layout.PatternLayout].
2022-08-22 09:15:43,832 main DEBUG PatternLayout$Builder(pattern="%d %highlight{[%-5p]}{STYLE=Logback} %c - %m - %X - %hmac{key} %n", PatternSelector=null, Configuration(LogConfiguration), Replace=null, charset="null", alwaysWriteExceptions="null", disableAnsi="null", noConsoleNoAnsi="null", header="null", footer="null", )
2022-08-22 09:15:43,834 main ERROR Unrecognized format specifier [hmac]
2022-08-22 09:15:43,835 main ERROR Unrecognized conversion specifier [hmac] starting at position 62 in conversion pattern.
2022-08-22 09:15:43,837 main DEBUG Building Plugin[name=TimeBasedTriggeringPolicy, class=org.apache.logging.log4j.core.appender.rolling.TimeBasedTriggeringPolicy].
2022-08-22 09:15:43,841 main DEBUG TimeBasedTriggeringPolicy$Builder(interval="1", modulate="null", maxRandomDelay="null", )
2022-08-22 09:15:43,841 main DEBUG Building Plugin[name=Policies, class=org.apache.logging.log4j.core.appender.rolling.CompositeTriggeringPolicy].
2022-08-22 09:15:43,842 main DEBUG createPolicy(={TimeBasedTriggeringPolicy(nextRolloverMillis=0, interval=1, modulate=false)})
2022-08-22 09:15:43,842 main DEBUG Building Plugin[name=DefaultRolloverStrategy, class=org.apache.logging.log4j.core.appender.rolling.DefaultRolloverStrategy].
2022-08-22 09:15:43,843 main DEBUG DefaultRolloverStrategy$Builder(max="5", min="null", fileIndex="null", compressionLevel="null", ={}, stopCustomActionsOnError="null", tempCompressedFilePattern="null", Configuration(LogConfiguration), )
2022-08-22 09:15:43,843 main DEBUG Building Plugin[name=appender, class=org.apache.logging.log4j.core.appender.RollingFileAppender].
2022-08-22 09:15:43,846 main DEBUG RollingFileAppender$Builder(fileName="/app/zmds-server/zmds-logs/zmds-server.log", filePattern="/app/zmds-server/zmds-logs/zmds-server.%d{yyyy-MM-dd}.log.gz", append="null", locking="null", Policies(CompositeTriggeringPolicy(policies=[TimeBasedTriggeringPolicy(nextRolloverMillis=0, interval=1, modulate=false)])), DefaultRolloverStrategy(DefaultRolloverStrategy(min=1, max=5, useMax=true)), advertise="null", advertiseUri="null", createOnDemand="null", filePermissions="null", fileOwner="null", fileGroup="null", , bufferedIo="null", bufferSize="null", immediateFlush="null", , ignoreExceptions="false", PatternLayout(%d %highlight{[%-5p]}{STYLE=Logback} %c - %m - %X - %hmac{key} %n), name="RollingFile", Configuration(LogConfiguration), , Filter=null, ={}, )
2022-08-22 09:15:43,847 main DEBUG PluginManager 'FileConverter' found 2 plugins
2022-08-22 09:15:43,847 main DEBUG Initializing triggering policy TimeBasedTriggeringPolicy(nextRolloverMillis=0, interval=1, modulate=false)
2022-08-22 09:15:43,848 main DEBUG Building Plugin[name=appenders, class=org.apache.logging.log4j.core.config.AppendersPlugin].
2022-08-22 09:15:43,848 main DEBUG createAppenders(={ConsoleAppender, RollingFile})
2022-08-22 09:15:43,850 main DEBUG Building Plugin[name=AppenderRef, class=org.apache.logging.log4j.core.config.AppenderRef].
2022-08-22 09:15:43,851 main DEBUG createAppenderRef(ref="ConsoleAppender", level="null", Filter=null)
2022-08-22 09:15:43,851 main DEBUG Building Plugin[name=AppenderRef, class=org.apache.logging.log4j.core.config.AppenderRef].
2022-08-22 09:15:43,852 main DEBUG createAppenderRef(ref="RollingFile", level="null", Filter=null)
2022-08-22 09:15:43,852 main DEBUG Building Plugin[name=root, class=org.apache.logging.log4j.core.config.LoggerConfig$RootLogger].
2022-08-22 09:15:43,854 main DEBUG LoggerConfig$RootLogger$Builder(additivity="null", level="INFO", levelAndRefs="null", includeLocation="null", ={ConsoleAppender, RollingFile}, ={}, Configuration(LogConfiguration), Filter=null, )
2022-08-22 09:15:43,854 main DEBUG Building Plugin[name=loggers, class=org.apache.logging.log4j.core.config.LoggersPlugin].
2022-08-22 09:15:43,855 main DEBUG createLoggers(={root})
2022-08-22 09:15:43,856 main DEBUG Configuration XmlConfiguration[location=C:\ZMDS_BACKEND\zdms\target\classes\log4j2.xml] initialized
2022-08-22 09:15:43,856 main DEBUG Starting configuration XmlConfiguration[location=C:\ZMDS_BACKEND\zdms\target\classes\log4j2.xml]
2022-08-22 09:15:43,856 main DEBUG Started configuration XmlConfiguration[location=C:\ZMDS_BACKEND\zdms\target\classes\log4j2.xml] OK.
2022-08-22 09:15:43,859 main DEBUG Appender RollingFile stopped with status true
2022-08-22 09:15:43,860 main DEBUG Appender ConsoleAppender stopped with status true
2022-08-22 09:15:43,860 main DEBUG Stopped XmlConfiguration[location=C:\ZMDS_BACKEND\zdms\target\classes\log4j2.xml] OK
2022-08-22 09:15:43,863 main DEBUG Registering MBean org.apache.logging.log4j2:type=2aae9190
2022-08-22 09:15:43,864 main DEBUG Registering MBean org.apache.logging.log4j2:type=2aae9190,component=StatusLogger
2022-08-22 09:15:43,864 main DEBUG Registering MBean org.apache.logging.log4j2:type=2aae9190,component=ContextSelector
2022-08-22 09:15:43,865 main DEBUG Registering MBean org.apache.logging.log4j2:type=2aae9190,component=Loggers,name=
2022-08-22 09:15:43,867 main DEBUG Registering MBean org.apache.logging.log4j2:type=2aae9190,component=Appenders,name=ConsoleAppender
2022-08-22 09:15:43,867 main DEBUG Registering MBean org.apache.logging.log4j2:type=2aae9190,component=Appenders,name=RollingFile
2022-08-22 09:15:43,868 main DEBUG Reconfiguration complete for context[name=2aae9190] at URI C:\ZMDS_BACKEND\zdms\target\classes\log4j2.xml (org.apache.logging.log4j.core.LoggerContext@cd93621) with optional ClassLoader: null

  ______  __  __   _____     _____
  |___  / |  \/  | |  __ \   / ____|
     / /  | \  / | | |  | | | (___
    / /   | |\/| | | |  | |  \___ \
   / /__  | |  | | | |__| |  ____) |
  /_____| |_|  |_| |_____/  |_____/
                                version: 


2022-08-22 09:15:44,090 [INFO ] com.zoetis.zdms.config.JacksonConfigTest - Starting JacksonConfigTest using Java 11 on KZDDVXDP10-1492 with PID 14544 (started by SHUKLP01 in C:\ZMDS_BACKEND\zdms) - {} - %hmac 
2022-08-22 09:15:44,111 [INFO ] com.zoetis.zdms.config.JacksonConfigTest - The following 1 profile is active: "noSecurity" - {} - %hmac 
2022-08-22 09:15:44,105 [INFO ] org.hibernate.validator.internal.util.Version - HV000001: Hibernate Validator 6.2.3.Final - {} - %hmac 
2022-08-22 09:15:48,543 [INFO ] org.springframework.data.repository.config.RepositoryConfigurationDelegate - Bootstrapping Spring Data JPA repositories in DEFAULT mode. - {} - %hmac 
2022-08-22 09:15:48,927 [INFO ] org.springframework.data.repository.config.RepositoryConfigurationDelegate - Finished Spring Data repository scanning in 365 ms. Found 15 JPA repository interfaces. - {} - %hmac 
2022-08-22 09:15:50,438 [INFO ] org.springframework.cloud.context.scope.GenericScope - BeanFactory id=1b84fbba-3f5d-37b9-b404-d5623b76ad8e - {} - %hmac 
2022-08-22 09:15:50,662 [INFO ] com.ulisesbocchio.jasyptspringboot.configuration.EnableEncryptablePropertiesBeanFactoryPostProcessor - Post-processing PropertySource instances - {} - %hmac 
2022-08-22 09:15:50,664 [INFO ] com.ulisesbocchio.jasyptspringboot.EncryptablePropertySourceConverter - Skipping PropertySource configurationProperties [class org.springframework.boot.context.properties.source.ConfigurationPropertySourcesPropertySource - {} - %hmac 
2022-08-22 09:15:50,666 [INFO ] com.ulisesbocchio.jasyptspringboot.EncryptablePropertySourceConverter - Converting PropertySource test [org.springframework.core.env.MapPropertySource] to EncryptableMapPropertySourceWrapper - {} - %hmac 
2022-08-22 09:15:50,667 [INFO ] com.ulisesbocchio.jasyptspringboot.EncryptablePropertySourceConverter - Converting PropertySource Inlined Test Properties [org.springframework.core.env.MapPropertySource] to EncryptableMapPropertySourceWrapper - {} - %hmac 
2022-08-22 09:15:50,668 [INFO ] com.ulisesbocchio.jasyptspringboot.EncryptablePropertySourceConverter - Converting PropertySource class path resource [application.yml] [org.springframework.core.io.support.ResourcePropertySource] to EncryptableMapPropertySourceWrapper - {} - %hmac 
2022-08-22 09:15:50,668 [INFO ] com.ulisesbocchio.jasyptspringboot.EncryptablePropertySourceConverter - Skipping PropertySource servletConfigInitParams [class org.springframework.core.env.PropertySource$StubPropertySource - {} - %hmac 
2022-08-22 09:15:50,668 [INFO ] com.ulisesbocchio.jasyptspringboot.EncryptablePropertySourceConverter - Converting PropertySource servletContextInitParams [org.springframework.web.context.support.ServletContextPropertySource] to EncryptableEnumerablePropertySourceWrapper - {} - %hmac 
2022-08-22 09:15:50,670 [INFO ] com.ulisesbocchio.jasyptspringboot.EncryptablePropertySourceConverter - Converting PropertySource systemProperties [org.springframework.core.env.PropertiesPropertySource] to EncryptableMapPropertySourceWrapper - {} - %hmac 
2022-08-22 09:15:50,671 [INFO ] com.ulisesbocchio.jasyptspringboot.EncryptablePropertySourceConverter - Converting PropertySource systemEnvironment [org.springframework.boot.env.SystemEnvironmentPropertySourceEnvironmentPostProcessor$OriginAwareSystemEnvironmentPropertySource] to EncryptableSystemEnvironmentPropertySourceWrapper - {} - %hmac 
2022-08-22 09:15:50,672 [INFO ] com.ulisesbocchio.jasyptspringboot.EncryptablePropertySourceConverter - Converting PropertySource random [org.springframework.boot.env.RandomValuePropertySource] to EncryptablePropertySourceWrapper - {} - %hmac 
2022-08-22 09:15:50,672 [INFO ] com.ulisesbocchio.jasyptspringboot.EncryptablePropertySourceConverter - Converting PropertySource cachedrandom [org.springframework.cloud.util.random.CachedRandomPropertySource] to EncryptablePropertySourceWrapper - {} - %hmac 
2022-08-22 09:15:50,674 [INFO ] com.ulisesbocchio.jasyptspringboot.EncryptablePropertySourceConverter - Converting PropertySource springCloudClientHostInfo [org.springframework.core.env.MapPropertySource] to EncryptableMapPropertySourceWrapper - {} - %hmac 
2022-08-22 09:15:50,675 [INFO ] com.ulisesbocchio.jasyptspringboot.EncryptablePropertySourceConverter - Converting PropertySource Config resource 'class path resource [application.yml]' via location 'optional:classpath:/' [org.springframework.boot.env.OriginTrackedMapPropertySource] to EncryptableMapPropertySourceWrapper - {} - %hmac 
2022-08-22 09:15:50,675 [INFO ] com.ulisesbocchio.jasyptspringboot.EncryptablePropertySourceConverter - Converting PropertySource defaultProperties [org.springframework.core.env.MapPropertySource] to EncryptableMapPropertySourceWrapper - {} - %hmac 
2022-08-22 09:15:52,261 [INFO ] com.ulisesbocchio.jasyptspringboot.filter.DefaultLazyPropertyFilter - Property Filter custom Bean not found with name 'encryptablePropertyFilter'. Initializing Default Property Filter - {} - %hmac 
2022-08-22 09:15:52,286 [INFO ] com.ulisesbocchio.jasyptspringboot.resolver.DefaultLazyPropertyResolver - Property Resolver custom Bean not found with name 'encryptablePropertyResolver'. Initializing Default Property Resolver - {} - %hmac 
2022-08-22 09:15:52,290 [INFO ] com.ulisesbocchio.jasyptspringboot.detector.DefaultLazyPropertyDetector - Property Detector custom Bean not found with name 'encryptablePropertyDetector'. Initializing Default Property Detector - {} - %hmac 
2022-08-22 09:15:52,854 [INFO ] org.hibernate.jpa.internal.util.LogHelper - HHH000204: Processing PersistenceUnitInfo [name: default] - {} - %hmac 
2022-08-22 09:15:53,018 [INFO ] org.hibernate.Version - HHH000412: Hibernate ORM core version 5.6.8.Final - {} - %hmac 
2022-08-22 09:15:53,595 [INFO ] org.hibernate.annotations.common.Version - HCANN000001: Hibernate Commons Annotations {5.1.2.Final} - {} - %hmac 
2022-08-22 09:15:54,016 [INFO ] com.zaxxer.hikari.HikariDataSource - HikariPool-1 - Starting... - {} - %hmac 
2022-08-22 09:15:55,424 [INFO ] com.zaxxer.hikari.HikariDataSource - HikariPool-1 - Start completed. - {} - %hmac 
2022-08-22 09:15:55,515 [INFO ] org.hibernate.dialect.Dialect - HHH000400: Using dialect: org.hibernate.dialect.H2Dialect - {} - %hmac 
2022-08-22 09:15:56,880 [WARN ] org.hibernate.mapping.RootClass - HHH000038: Composite-id class does not override equals(): com.zoetis.zdms.model.dictionary.localized.customertype.LocalizedCustomerTypeId - {} - %hmac 
2022-08-22 09:15:56,880 [WARN ] org.hibernate.mapping.RootClass - HHH000039: Composite-id class does not override hashCode(): com.zoetis.zdms.model.dictionary.localized.customertype.LocalizedCustomerTypeId - {} - %hmac 
2022-08-22 09:15:56,883 [WARN ] org.hibernate.mapping.RootClass - HHH000038: Composite-id class does not override equals(): com.zoetis.zdms.model.dictionary.localized.productavailability.LocalizedProductAvailabilityId - {} - %hmac 
2022-08-22 09:15:56,884 [WARN ] org.hibernate.mapping.RootClass - HHH000039: Composite-id class does not override hashCode(): com.zoetis.zdms.model.dictionary.localized.productavailability.LocalizedProductAvailabilityId - {} - %hmac 
2022-08-22 09:15:56,885 [WARN ] org.hibernate.mapping.RootClass - HHH000038: Composite-id class does not override equals(): com.zoetis.zdms.model.dictionary.localized.customerstatus.LocalizedCustomerStatusId - {} - %hmac 
2022-08-22 09:15:56,885 [WARN ] org.hibernate.mapping.RootClass - HHH000039: Composite-id class does not override hashCode(): com.zoetis.zdms.model.dictionary.localized.customerstatus.LocalizedCustomerStatusId - {} - %hmac 
2022-08-22 09:15:56,886 [WARN ] org.hibernate.mapping.RootClass - HHH000038: Composite-id class does not override equals(): com.zoetis.zdms.model.dictionary.localized.customerstate.LocalizedCustomerStateId - {} - %hmac 
2022-08-22 09:15:56,886 [WARN ] org.hibernate.mapping.RootClass - HHH000039: Composite-id class does not override hashCode(): com.zoetis.zdms.model.dictionary.localized.customerstate.LocalizedCustomerStateId - {} - %hmac 
2022-08-22 09:15:56,886 [WARN ] org.hibernate.mapping.RootClass - HHH000038: Composite-id class does not override equals(): com.zoetis.zdms.model.dictionary.localized.booleanvalue.LocalizedBooleanValueId - {} - %hmac 
2022-08-22 09:15:56,887 [WARN ] org.hibernate.mapping.RootClass - HHH000039: Composite-id class does not override hashCode(): com.zoetis.zdms.model.dictionary.localized.booleanvalue.LocalizedBooleanValueId - {} - %hmac 
2022-08-22 09:15:56,887 [WARN ] org.hibernate.mapping.RootClass - HHH000038: Composite-id class does not override equals(): com.zoetis.zdms.model.dictionary.localized.rejectionreason.LocalizedRejectionReasonId - {} - %hmac 
2022-08-22 09:15:56,887 [WARN ] org.hibernate.mapping.RootClass - HHH000039: Composite-id class does not override hashCode(): com.zoetis.zdms.model.dictionary.localized.rejectionreason.LocalizedRejectionReasonId - {} - %hmac 
2022-08-22 09:15:56,888 [WARN ] org.hibernate.mapping.RootClass - HHH000038: Composite-id class does not override equals(): com.zoetis.zdms.model.dictionary.localized.errorcode.LocalizedErrorCodeId - {} - %hmac 
2022-08-22 09:15:56,889 [WARN ] org.hibernate.mapping.RootClass - HHH000039: Composite-id class does not override hashCode(): com.zoetis.zdms.model.dictionary.localized.errorcode.LocalizedErrorCodeId - {} - %hmac 
2022-08-22 09:15:58,236 [INFO ] org.hibernate.engine.transaction.jta.platform.internal.JtaPlatformInitiator - HHH000490: Using JtaPlatform implementation: [org.hibernate.engine.transaction.jta.platform.internal.NoJtaPlatform] - {} - %hmac 
2022-08-22 09:15:58,259 [INFO ] org.springframework.orm.jpa.LocalContainerEntityManagerFactoryBean - Initialized JPA EntityManagerFactory for persistence unit 'default' - {} - %hmac 
2022-08-22 09:16:03,085 [WARN ] org.springframework.boot.autoconfigure.orm.jpa.JpaBaseConfiguration$JpaWebConfiguration - spring.jpa.open-in-view is enabled by default. Therefore, database queries may be performed during view rendering. Explicitly configure spring.jpa.open-in-view to disable this warning - {} - %hmac 
2022-08-22 09:16:07,545 [WARN ] org.springframework.boot.autoconfigure.security.servlet.UserDetailsServiceAutoConfiguration - 

Using generated security password: 9a07d59a-1c9b-417e-a1c0-416be47a05fa

This generated password is for development use only. Your security configuration must be updated before running your application in production.
 - {} - %hmac 
2022-08-22 09:16:08,344 [INFO ] org.springframework.boot.actuate.endpoint.web.EndpointLinksResolver - Exposing 1 endpoint(s) beneath base path '/actuator' - {} - %hmac 
2022-08-22 09:16:08,468 [INFO ] org.springframework.security.web.DefaultSecurityFilterChain - Will secure any request with [org.springframework.security.web.context.request.async.WebAsyncManagerIntegrationFilter@43ab796b, org.springframework.security.web.context.SecurityContextPersistenceFilter@525647e8, org.springframework.security.web.header.HeaderWriterFilter@60b47785, org.springframework.web.filter.CorsFilter@763630ac, org.springframework.security.web.csrf.CsrfFilter@6e45135, org.springframework.security.web.authentication.logout.LogoutFilter@374edfbf, org.springframework.security.web.authentication.UsernamePasswordAuthenticationFilter@19976130, org.springframework.security.web.authentication.ui.DefaultLoginPageGeneratingFilter@65c4eedd, org.springframework.security.web.authentication.ui.DefaultLogoutPageGeneratingFilter@2c5796b6, org.springframework.security.web.authentication.www.BasicAuthenticationFilter@5d558cec, org.springframework.security.web.savedrequest.RequestCacheAwareFilter@10d9a75e, org.springframework.security.web.servletapi.SecurityContextHolderAwareRequestFilter@1d776a9b, org.springframework.security.web.authentication.AnonymousAuthenticationFilter@3a3ddc34, org.springframework.security.web.session.SessionManagementFilter@5c34abad, org.springframework.security.web.access.ExceptionTranslationFilter@3ad7631d, org.springframework.security.web.access.intercept.FilterSecurityInterceptor@35633a30] - {} - %hmac 
2022-08-22 09:16:11,001 [INFO ] com.zoetis.zdms.config.JacksonConfigTest - Started JacksonConfigTest in 28.019 seconds (JVM running for 32.65) - {} - %hmac 
]]></system-out>
  </testcase>
</testsuite>