<?xml version="1.0" encoding="UTF-8"?>
<testsuite xmlns:xsi="http://www.w3.org/2001/XMLSchema-instance" xsi:noNamespaceSchemaLocation="https://maven.apache.org/surefire/maven-surefire-plugin/xsd/surefire-test-report-3.0.xsd" version="3.0" name="com.zoetis.zdms.service.CustomerServiceImplTest" time="0.961" tests="1" errors="0" skipped="0" failures="0">
  <properties>
[...]
</properties>
  <testcase name="shouldGetPagedAndSortedCustomerViewList" classname="com.zoetis.zdms.service.CustomerServiceImplTest" time="0.948">
    <system-out><![CDATA[2022-08-22 09:16:18,722 [INFO ] com.zoetis.zdms.service.impl.CustomerServiceImpl - [getCustomers] started processing with parameters [pageNumber = 0, language = DE, pageSize = 5, sortDirection = ASC, sortBy = NATIVE_STATUS] - {} - %hmac 
]]></system-out>
  </testcase>
</testsuite>