<?xml version="1.0" encoding="UTF-8"?>
<testsuite xmlns:xsi="http://www.w3.org/2001/XMLSchema-instance" xsi:noNamespaceSchemaLocation="https://maven.apache.org/surefire/maven-surefire-plugin/xsd/surefire-test-report-3.0.xsd" version="3.0" name="com.zoetis.zdms.config.JacksonConfigTest" time="28.694" tests="1" errors="0" skipped="0" failures="0">
  <properties>
[...]
</properties>
  <testcase name="shouldUseJsonNullableModule" classname="com.zoetis.zdms.config.JacksonConfigTest" time="1.717">
    <system-out><![CDATA[2023-01-03 00:46:46,805 main DEBUG Apache Log4j Core 2.17.2 initializing configuration XmlConfiguration[location=C:\Repo\ZMDS_BACKEND\zdms\target\classes\log4j2.xml]
2023-01-03 00:46:46,808 main DEBUG PluginManager 'Core' found 127 plugins
2023-01-03 00:46:46,809 main DEBUG PluginManager 'Level' found 0 plugins
2023-01-03 00:46:46,814 main DEBUG PluginManager 'Lookup' found 16 plugins
2023-01-03 00:46:46,819 main DEBUG Building Plugin[name=layout, class=org.apache.logging.log4j.core.layout.PatternLayout].
2023-01-03 00:46:46,844 main DEBUG PluginManager 'TypeConverter' found 26 plugins
2023-01-03 00:46:46,869 main DEBUG PatternLayout$Builder(pattern="%d %highlight{[%-5p]}{STYLE=Logback} %c - %m - %X - %hmac{key} %n", PatternSelector=null, Configuration(LogConfiguration), Replace=null, charset="null", alwaysWriteExceptions="null", disableAnsi="null", noConsoleNoAnsi="null", header="null", footer="null", )
2023-01-03 00:46:46,870 main DEBUG PluginManager 'Converter' found 48 plugins
2023-01-03 00:46:46,944 main ERROR Unrecognized format specifier [hmac]
2023-01-03 00:46:46,945 main ERROR Unrecognized conversion specifier [hmac] starting at position 62 in conversion pattern.
2023-01-03 00:46:46,946 main DEBUG Building Plugin[name=appender, class=org.apache.logging.log4j.core.appender.ConsoleAppender].
2023-01-03 00:46:46,967 main DEBUG ConsoleAppender$Builder(target="null", follow="null", direct="null", , bufferedIo="null", bufferSize="null", immediateFlush="null", , ignoreExceptions="null", PatternLayout(%d %highlight{[%-5p]}{STYLE=Logback} %c - %m - %X - %hmac{key} %n), name="ConsoleAppender", Configuration(LogConfiguration), , Filter=null, ={}, )
2023-01-03 00:46:46,976 main DEBUG Starting OutputStreamManager SYSTEM_OUT.false.false
2023-01-03 00:46:46,977 main DEBUG Building Plugin[name=layout, class=org.apache.logging.log4j.core.layout.PatternLayout].
2023-01-03 00:46:46,979 main DEBUG PatternLayout$Builder(pattern="%d %highlight{[%-5p]}{STYLE=Logback} %c - %m - %X - %hmac{key} %n", PatternSelector=null, Configuration(LogConfiguration), Replace=null, charset="null", alwaysWriteExceptions="null", disableAnsi="null", noConsoleNoAnsi="null", header="null", footer="null", )
2023-01-03 00:46:46,980 main ERROR Unrecognized format specifier [hmac]
2023-01-03 00:46:46,980 main ERROR Unrecognized conversion specifier [hmac] starting at position 62 in conversion pattern.
2023-01-03 00:46:46,981 main DEBUG Building Plugin[name=TimeBasedTriggeringPolicy, class=org.apache.logging.log4j.core.appender.rolling.TimeBasedTriggeringPolicy].
2023-01-03 00:46:46,988 main DEBUG TimeBasedTriggeringPolicy$Builder(interval="1", modulate="null", maxRandomDelay="null", )
2023-01-03 00:46:46,989 main DEBUG Building Plugin[name=Policies, class=org.apache.logging.log4j.core.appender.rolling.CompositeTriggeringPolicy].
2023-01-03 00:46:46,993 main DEBUG createPolicy(={TimeBasedTriggeringPolicy(nextRolloverMillis=0, interval=1, modulate=false)})
2023-01-03 00:46:46,993 main DEBUG Building Plugin[name=DefaultRolloverStrategy, class=org.apache.logging.log4j.core.appender.rolling.DefaultRolloverStrategy].
2023-01-03 00:46:46,998 main DEBUG DefaultRolloverStrategy$Builder(max="5", min="null", fileIndex="null", compressionLevel="null", ={}, stopCustomActionsOnError="null", tempCompressedFilePattern="null", Configuration(LogConfiguration), )
2023-01-03 00:46:46,999 main DEBUG Building Plugin[name=appender, class=org.apache.logging.log4j.core.appender.RollingFileAppender].
2023-01-03 00:46:47,003 main DEBUG RollingFileAppender$Builder(fileName="/app/zmds-server/zmds-logs/zmds-server.log", filePattern="/app/zmds-server/zmds-logs/zmds-server.%d{yyyy-MM-dd}.log.gz", append="null", locking="null", Policies(CompositeTriggeringPolicy(policies=[TimeBasedTriggeringPolicy(nextRolloverMillis=0, interval=1, modulate=false)])), DefaultRolloverStrategy(DefaultRolloverStrategy(min=1, max=5, useMax=true)), advertise="null", advertiseUri="null", createOnDemand="null", filePermissions="null", fileOwner="null", fileGroup="null", , bufferedIo="null", bufferSize="null", immediateFlush="null", , ignoreExceptions="false", PatternLayout(%d %highlight{[%-5p]}{STYLE=Logback} %c - %m - %X - %hmac{key} %n), name="RollingFile", Configuration(LogConfiguration), , Filter=null, ={}, )
2023-01-03 00:46:47,025 main DEBUG Returning file creation time for C:\app\zmds-server\zmds-logs\zmds-server.log
2023-01-03 00:46:47,027 main DEBUG Starting RollingFileManager /app/zmds-server/zmds-logs/zmds-server.log
2023-01-03 00:46:47,030 main DEBUG PluginManager 'FileConverter' found 2 plugins
2023-01-03 00:46:47,036 main DEBUG Setting prev file time to 2023-01-01T22:51:39.443-0500
2023-01-03 00:46:47,037 main DEBUG Initializing triggering policy CompositeTriggeringPolicy(policies=[TimeBasedTriggeringPolicy(nextRolloverMillis=0, interval=1, modulate=false)])
2023-01-03 00:46:47,038 main DEBUG Initializing triggering policy TimeBasedTriggeringPolicy(nextRolloverMillis=0, interval=1, modulate=false)
2023-01-03 00:46:47,039 main DEBUG Building Plugin[name=appenders, class=org.apache.logging.log4j.core.config.AppendersPlugin].
2023-01-03 00:46:47,040 main DEBUG createAppenders(={ConsoleAppender, RollingFile})
2023-01-03 00:46:47,041 main DEBUG Building Plugin[name=AppenderRef, class=org.apache.logging.log4j.core.config.AppenderRef].
2023-01-03 00:46:47,046 main DEBUG createAppenderRef(ref="ConsoleAppender", level="null", Filter=null)
2023-01-03 00:46:47,047 main DEBUG Building Plugin[name=AppenderRef, class=org.apache.logging.log4j.core.config.AppenderRef].
2023-01-03 00:46:47,053 main DEBUG createAppenderRef(ref="RollingFile", level="null", Filter=null)
2023-01-03 00:46:47,053 main DEBUG Building Plugin[name=root, class=org.apache.logging.log4j.core.config.LoggerConfig$RootLogger].
2023-01-03 00:46:47,056 main DEBUG LoggerConfig$RootLogger$Builder(additivity="null", level="INFO", levelAndRefs="null", includeLocation="null", ={ConsoleAppender, RollingFile}, ={}, Configuration(LogConfiguration), Filter=null, )
2023-01-03 00:46:47,060 main DEBUG Building Plugin[name=loggers, class=org.apache.logging.log4j.core.config.LoggersPlugin].
2023-01-03 00:46:47,071 main DEBUG createLoggers(={root})
2023-01-03 00:46:47,072 main DEBUG Configuration XmlConfiguration[location=C:\Repo\ZMDS_BACKEND\zdms\target\classes\log4j2.xml] initialized
2023-01-03 00:46:47,072 main DEBUG Starting configuration XmlConfiguration[location=C:\Repo\ZMDS_BACKEND\zdms\target\classes\log4j2.xml]
2023-01-03 00:46:47,073 main DEBUG Started configuration XmlConfiguration[location=C:\Repo\ZMDS_BACKEND\zdms\target\classes\log4j2.xml] OK.
2023-01-03 00:46:47,074 main DEBUG Shutting down OutputStreamManager SYSTEM_OUT.false.false-1
2023-01-03 00:46:47,074 main DEBUG OutputStream closed
2023-01-03 00:46:47,075 main DEBUG Shut down OutputStreamManager SYSTEM_OUT.false.false-1, all resources released: true
2023-01-03 00:46:47,075 main DEBUG Appender DefaultConsole-1 stopped with status true
2023-01-03 00:46:47,075 main DEBUG Stopped org.apache.logging.log4j.core.config.DefaultConfiguration@74fc3fc7 OK
2023-01-03 00:46:47,157 main DEBUG Registering MBean org.apache.logging.log4j2:type=2aae9190
2023-01-03 00:46:47,166 main DEBUG Registering MBean org.apache.logging.log4j2:type=2aae9190,component=StatusLogger
2023-01-03 00:46:47,173 main DEBUG Registering MBean org.apache.logging.log4j2:type=2aae9190,component=ContextSelector
2023-01-03 00:46:47,177 main DEBUG Registering MBean org.apache.logging.log4j2:type=2aae9190,component=Loggers,name=
2023-01-03 00:46:47,179 main DEBUG Registering MBean org.apache.logging.log4j2:type=2aae9190,component=Appenders,name=ConsoleAppender
2023-01-03 00:46:47,182 main DEBUG Registering MBean org.apache.logging.log4j2:type=2aae9190,component=Appenders,name=RollingFile
2023-01-03 00:46:47,194 main DEBUG org.apache.logging.log4j.core.util.SystemClock supports precise timestamps.
2023-01-03 00:46:47,196 main DEBUG Reconfiguration complete for context[name=2aae9190] at URI C:\Repo\ZMDS_BACKEND\zdms\target\classes\log4j2.xml (org.apache.logging.log4j.core.LoggerContext@cd93621) with optional ClassLoader: null
2023-01-03 00:46:47,196 main DEBUG Shutdown hook enabled. Registering a new one.
2023-01-03 00:46:47,198 main DEBUG LoggerContext[name=2aae9190, org.apache.logging.log4j.core.LoggerContext@cd93621] started OK.
2023-01-03 00:46:47,367 [INFO ] org.springframework.boot.test.context.SpringBootTestContextBootstrapper - Neither @ContextConfiguration nor @ContextHierarchy found for test class [com.zoetis.zdms.config.JacksonConfigTest], using SpringBootContextLoader - {} - %hmac 
2023-01-03 00:46:47,375 main DEBUG Formatting file name. useCurrentTime=false. currentFileTime=1672724807374, prevFileTime=1672549200000
2023-01-03 00:46:47,378 main DEBUG Formatting file name. useCurrentTime=false. currentFileTime=1672724807374, prevFileTime=1672549200000
2023-01-03 00:46:47,383 main DEBUG OutputStream closed
2023-01-03 00:46:47,384 main DEBUG RollingFileManager executing synchronous FileRenameAction[\app\zmds-server\zmds-logs\zmds-server.log to \app\zmds-server\zmds-logs\zmds-server.2023-01-01.log, renameEmptyFiles=false]
2023-01-03 00:46:47,391 main DEBUG RollingFileManager executing async GzCompressAction[\app\zmds-server\zmds-logs\zmds-server.2023-01-01.log to \app\zmds-server\zmds-logs\zmds-server.2023-01-01.log.gz, deleteSource=true]
2023-01-03 00:46:47,393 main DEBUG Now writing to /app/zmds-server/zmds-logs/zmds-server.log at 2023-01-03T00:46:47.393-0500
2023-01-03 00:46:47,401 main DEBUG AsyncLogger.ThreadNameStrategy=UNCACHED (user specified null, default is UNCACHED)
2023-01-03 00:46:47,401 main DEBUG org.apache.logging.log4j.core.util.SystemClock supports precise timestamps.
2023-01-03 00:46:47,413 [INFO ] org.springframework.test.context.support.AbstractContextLoader - Could not detect default resource locations for test class [com.zoetis.zdms.config.JacksonConfigTest]: no resource found for suffixes {-context.xml, Context.groovy}. - {} - %hmac 
2023-01-03 00:46:47,415 [INFO ] org.springframework.test.context.support.AnnotationConfigContextLoaderUtils - Could not detect default configuration classes for test class [com.zoetis.zdms.config.JacksonConfigTest]: JacksonConfigTest does not declare any static, non-private, non-final, nested classes annotated with @Configuration. - {} - %hmac 
2023-01-03 00:46:47,747 [INFO ] org.springframework.boot.test.context.SpringBootTestContextBootstrapper - Found @SpringBootConfiguration com.zoetis.zdms.Application for test class com.zoetis.zdms.config.JacksonConfigTest - {} - %hmac 
2023-01-03 00:46:48,265 [INFO ] org.springframework.boot.test.context.SpringBootTestContextBootstrapper - Loaded default TestExecutionListener class names from location [META-INF/spring.factories]: [org.springframework.boot.test.mock.mockito.MockitoTestExecutionListener, org.springframework.boot.test.mock.mockito.ResetMocksTestExecutionListener, org.springframework.boot.test.autoconfigure.restdocs.RestDocsTestExecutionListener, org.springframework.boot.test.autoconfigure.web.client.MockRestServiceServerResetTestExecutionListener, org.springframework.boot.test.autoconfigure.web.servlet.MockMvcPrintOnlyOnFailureTestExecutionListener, org.springframework.boot.test.autoconfigure.web.servlet.WebDriverTestExecutionListener, org.springframework.boot.test.autoconfigure.webservices.client.MockWebServiceServerTestExecutionListener, org.springframework.test.context.web.ServletTestExecutionListener, org.springframework.test.context.support.DirtiesContextBeforeModesTestExecutionListener, org.springframework.test.context.event.ApplicationEventsTestExecutionListener, org.springframework.test.context.support.DependencyInjectionTestExecutionListener, org.springframework.test.context.support.DirtiesContextTestExecutionListener, org.springframework.test.context.transaction.TransactionalTestExecutionListener, org.springframework.test.context.jdbc.SqlScriptsTestExecutionListener, org.springframework.test.context.event.EventPublishingTestExecutionListener] - {} - %hmac 
2023-01-03 00:46:48,316 [INFO ] org.springframework.boot.test.context.SpringBootTestContextBootstrapper - Using TestExecutionListeners: [org.springframework.test.context.web.ServletTestExecutionListener@7d28d525, org.springframework.test.context.support.DirtiesContextBeforeModesTestExecutionListener@4873c645, org.springframework.test.context.event.ApplicationEventsTestExecutionListener@7e7e34ef, org.springframework.boot.test.mock.mockito.MockitoTestExecutionListener@e7c3ba2, org.springframework.boot.test.autoconfigure.SpringBootDependencyInjectionTestExecutionListener@35c646b5, org.springframework.test.context.support.DirtiesContextTestExecutionListener@6351efa6, org.springframework.test.context.transaction.TransactionalTestExecutionListener@6c07666f, org.springframework.test.context.jdbc.SqlScriptsTestExecutionListener@349e166, org.springframework.test.context.event.EventPublishingTestExecutionListener@4bdec54, org.springframework.boot.test.mock.mockito.ResetMocksTestExecutionListener@68fd0fba, org.springframework.boot.test.autoconfigure.restdocs.RestDocsTestExecutionListener@3f9e38d4, org.springframework.boot.test.autoconfigure.web.client.MockRestServiceServerResetTestExecutionListener@7310bc90, org.springframework.boot.test.autoconfigure.web.servlet.MockMvcPrintOnlyOnFailureTestExecutionListener@18a421ea, org.springframework.boot.test.autoconfigure.web.servlet.WebDriverTestExecutionListener@18247d9b, org.springframework.boot.test.autoconfigure.webservices.client.MockWebServiceServerTestExecutionListener@5632bed3] - {} - %hmac 
2023-01-03 00:46:49,280 main DEBUG Reconfiguration started for context[name=2aae9190] at URI null (org.apache.logging.log4j.core.LoggerContext@cd93621) with optional ClassLoader: null
2023-01-03 00:46:49,281 main DEBUG Using configurationFactory org.apache.logging.log4j.core.config.ConfigurationFactory$Factory@6707ab9
2023-01-03 00:46:49,300 main DEBUG PluginManager 'Lookup' found 16 plugins
2023-01-03 00:46:49,302 main DEBUG Closing BufferedInputStream java.io.BufferedInputStream@1b48c142
2023-01-03 00:46:49,312 main DEBUG Apache Log4j Core 2.17.2 initializing configuration XmlConfiguration[location=C:\Repo\ZMDS_BACKEND\zdms\target\classes\log4j2.xml]
2023-01-03 00:46:49,313 main DEBUG PluginManager 'Core' found 127 plugins
2023-01-03 00:46:49,314 main DEBUG PluginManager 'Level' found 0 plugins
2023-01-03 00:46:49,315 main DEBUG PluginManager 'Lookup' found 16 plugins
2023-01-03 00:46:49,316 main DEBUG Building Plugin[name=layout, class=org.apache.logging.log4j.core.layout.PatternLayout].
2023-01-03 00:46:49,318 main DEBUG PatternLayout$Builder(pattern="%d %highlight{[%-5p]}{STYLE=Logback} %c - %m - %X - %hmac{key} %n", PatternSelector=null, Configuration(LogConfiguration), Replace=null, charset="null", alwaysWriteExceptions="null", disableAnsi="null", noConsoleNoAnsi="null", header="null", footer="null", )
2023-01-03 00:46:49,318 main DEBUG PluginManager 'Converter' found 48 plugins
2023-01-03 00:46:49,320 main ERROR Unrecognized format specifier [hmac]
2023-01-03 00:46:49,320 main ERROR Unrecognized conversion specifier [hmac] starting at position 62 in conversion pattern.
2023-01-03 00:46:49,321 main DEBUG Building Plugin[name=appender, class=org.apache.logging.log4j.core.appender.ConsoleAppender].
2023-01-03 00:46:49,325 main DEBUG ConsoleAppender$Builder(target="null", follow="null", direct="null", , bufferedIo="null", bufferSize="null", immediateFlush="null", , ignoreExceptions="null", PatternLayout(%d %highlight{[%-5p]}{STYLE=Logback} %c - %m - %X - %hmac{key} %n), name="ConsoleAppender", Configuration(LogConfiguration), , Filter=null, ={}, )
2023-01-03 00:46:49,330 main DEBUG Building Plugin[name=layout, class=org.apache.logging.log4j.core.layout.PatternLayout].
2023-01-03 00:46:49,332 main DEBUG PatternLayout$Builder(pattern="%d %highlight{[%-5p]}{STYLE=Logback} %c - %m - %X - %hmac{key} %n", PatternSelector=null, Configuration(LogConfiguration), Replace=null, charset="null", alwaysWriteExceptions="null", disableAnsi="null", noConsoleNoAnsi="null", header="null", footer="null", )
2023-01-03 00:46:49,334 main ERROR Unrecognized format specifier [hmac]
2023-01-03 00:46:49,335 main ERROR Unrecognized conversion specifier [hmac] starting at position 62 in conversion pattern.
2023-01-03 00:46:49,337 main DEBUG Building Plugin[name=TimeBasedTriggeringPolicy, class=org.apache.logging.log4j.core.appender.rolling.TimeBasedTriggeringPolicy].
2023-01-03 00:46:49,339 main DEBUG TimeBasedTriggeringPolicy$Builder(interval="1", modulate="null", maxRandomDelay="null", )
2023-01-03 00:46:49,340 main DEBUG Building Plugin[name=Policies, class=org.apache.logging.log4j.core.appender.rolling.CompositeTriggeringPolicy].
2023-01-03 00:46:49,340 main DEBUG createPolicy(={TimeBasedTriggeringPolicy(nextRolloverMillis=0, interval=1, modulate=false)})
2023-01-03 00:46:49,341 main DEBUG Building Plugin[name=DefaultRolloverStrategy, class=org.apache.logging.log4j.core.appender.rolling.DefaultRolloverStrategy].
2023-01-03 00:46:49,341 main DEBUG DefaultRolloverStrategy$Builder(max="5", min="null", fileIndex="null", compressionLevel="null", ={}, stopCustomActionsOnError="null", tempCompressedFilePattern="null", Configuration(LogConfiguration), )
2023-01-03 00:46:49,342 main DEBUG Building Plugin[name=appender, class=org.apache.logging.log4j.core.appender.RollingFileAppender].
2023-01-03 00:46:49,344 main DEBUG RollingFileAppender$Builder(fileName="/app/zmds-server/zmds-logs/zmds-server.log", filePattern="/app/zmds-server/zmds-logs/zmds-server.%d{yyyy-MM-dd}.log.gz", append="null", locking="null", Policies(CompositeTriggeringPolicy(policies=[TimeBasedTriggeringPolicy(nextRolloverMillis=0, interval=1, modulate=false)])), DefaultRolloverStrategy(DefaultRolloverStrategy(min=1, max=5, useMax=true)), advertise="null", advertiseUri="null", createOnDemand="null", filePermissions="null", fileOwner="null", fileGroup="null", , bufferedIo="null", bufferSize="null", immediateFlush="null", , ignoreExceptions="false", PatternLayout(%d %highlight{[%-5p]}{STYLE=Logback} %c - %m - %X - %hmac{key} %n), name="RollingFile", Configuration(LogConfiguration), , Filter=null, ={}, )
2023-01-03 00:46:49,345 main DEBUG PluginManager 'FileConverter' found 2 plugins
2023-01-03 00:46:49,345 main DEBUG Initializing triggering policy TimeBasedTriggeringPolicy(nextRolloverMillis=0, interval=1, modulate=false)
2023-01-03 00:46:49,346 main DEBUG Building Plugin[name=appenders, class=org.apache.logging.log4j.core.config.AppendersPlugin].
2023-01-03 00:46:49,347 main DEBUG createAppenders(={ConsoleAppender, RollingFile})
2023-01-03 00:46:49,348 main DEBUG Building Plugin[name=AppenderRef, class=org.apache.logging.log4j.core.config.AppenderRef].
2023-01-03 00:46:49,349 main DEBUG createAppenderRef(ref="ConsoleAppender", level="null", Filter=null)
2023-01-03 00:46:49,350 main DEBUG Building Plugin[name=AppenderRef, class=org.apache.logging.log4j.core.config.AppenderRef].
2023-01-03 00:46:49,351 main DEBUG createAppenderRef(ref="RollingFile", level="null", Filter=null)
2023-01-03 00:46:49,351 main DEBUG Building Plugin[name=root, class=org.apache.logging.log4j.core.config.LoggerConfig$RootLogger].
2023-01-03 00:46:49,352 main DEBUG LoggerConfig$RootLogger$Builder(additivity="null", level="INFO", levelAndRefs="null", includeLocation="null", ={ConsoleAppender, RollingFile}, ={}, Configuration(LogConfiguration), Filter=null, )
2023-01-03 00:46:49,352 main DEBUG Building Plugin[name=loggers, class=org.apache.logging.log4j.core.config.LoggersPlugin].
2023-01-03 00:46:49,353 main DEBUG createLoggers(={root})
2023-01-03 00:46:49,353 main DEBUG Configuration XmlConfiguration[location=C:\Repo\ZMDS_BACKEND\zdms\target\classes\log4j2.xml] initialized
2023-01-03 00:46:49,353 main DEBUG Starting configuration XmlConfiguration[location=C:\Repo\ZMDS_BACKEND\zdms\target\classes\log4j2.xml]
2023-01-03 00:46:49,354 main DEBUG Started configuration XmlConfiguration[location=C:\Repo\ZMDS_BACKEND\zdms\target\classes\log4j2.xml] OK.
2023-01-03 00:46:49,355 main DEBUG Appender RollingFile stopped with status true
2023-01-03 00:46:49,355 main DEBUG Appender ConsoleAppender stopped with status true
2023-01-03 00:46:49,355 main DEBUG Stopped XmlConfiguration[location=C:\Repo\ZMDS_BACKEND\zdms\target\classes\log4j2.xml] OK
2023-01-03 00:46:49,357 main DEBUG Registering MBean org.apache.logging.log4j2:type=2aae9190
2023-01-03 00:46:49,358 main DEBUG Registering MBean org.apache.logging.log4j2:type=2aae9190,component=StatusLogger
2023-01-03 00:46:49,359 main DEBUG Registering MBean org.apache.logging.log4j2:type=2aae9190,component=ContextSelector
2023-01-03 00:46:49,359 main DEBUG Registering MBean org.apache.logging.log4j2:type=2aae9190,component=Loggers,name=
2023-01-03 00:46:49,360 main DEBUG Registering MBean org.apache.logging.log4j2:type=2aae9190,component=Appenders,name=ConsoleAppender
2023-01-03 00:46:49,360 main DEBUG Registering MBean org.apache.logging.log4j2:type=2aae9190,component=Appenders,name=RollingFile
2023-01-03 00:46:49,361 main DEBUG Reconfiguration complete for context[name=2aae9190] at URI C:\Repo\ZMDS_BACKEND\zdms\target\classes\log4j2.xml (org.apache.logging.log4j.core.LoggerContext@cd93621) with optional ClassLoader: null

  ______  __  __   _____     _____
  |___  / |  \/  | |  __ \   / ____|
     / /  | \  / | | |  | | | (___
    / /   | |\/| | | |  | |  \___ \
   / /__  | |  | | | |__| |  ____) |
  /_____| |_|  |_| |_____/  |_____/
                                version: 


2023-01-03 00:46:49,541 [INFO ] org.hibernate.validator.internal.util.Version - HV000001: Hibernate Validator 6.2.3.Final - {} - %hmac 
2023-01-03 00:46:49,781 [INFO ] com.zoetis.zdms.config.JacksonConfigTest - Starting JacksonConfigTest using Java 11 on KZDDVXDP10-1492 with PID 17288 (started by SHUKLP01 in C:\Repo\ZMDS_BACKEND\zdms) - {} - %hmac 
2023-01-03 00:46:49,786 [INFO ] com.zoetis.zdms.config.JacksonConfigTest - The following 1 profile is active: "noSecurity" - {} - %hmac 
2023-01-03 00:46:53,794 [INFO ] org.springframework.data.repository.config.RepositoryConfigurationDelegate - Bootstrapping Spring Data JPA repositories in DEFAULT mode. - {} - %hmac 
2023-01-03 00:46:54,145 [INFO ] org.springframework.data.repository.config.RepositoryConfigurationDelegate - Finished Spring Data repository scanning in 332 ms. Found 15 JPA repository interfaces. - {} - %hmac 
2023-01-03 00:46:54,971 [INFO ] org.springframework.cloud.context.scope.GenericScope - BeanFactory id=5ddbd516-fb3b-3a8f-807a-188544daf0d2 - {} - %hmac 
2023-01-03 00:46:55,184 [INFO ] com.ulisesbocchio.jasyptspringboot.configuration.EnableEncryptablePropertiesBeanFactoryPostProcessor - Post-processing PropertySource instances - {} - %hmac 
2023-01-03 00:46:55,185 [INFO ] com.ulisesbocchio.jasyptspringboot.EncryptablePropertySourceConverter - Skipping PropertySource configurationProperties [class org.springframework.boot.context.properties.source.ConfigurationPropertySourcesPropertySource - {} - %hmac 
2023-01-03 00:46:55,188 [INFO ] com.ulisesbocchio.jasyptspringboot.EncryptablePropertySourceConverter - Converting PropertySource test [org.springframework.core.env.MapPropertySource] to EncryptableMapPropertySourceWrapper - {} - %hmac 
2023-01-03 00:46:55,188 [INFO ] com.ulisesbocchio.jasyptspringboot.EncryptablePropertySourceConverter - Converting PropertySource Inlined Test Properties [org.springframework.core.env.MapPropertySource] to EncryptableMapPropertySourceWrapper - {} - %hmac 
2023-01-03 00:46:55,189 [INFO ] com.ulisesbocchio.jasyptspringboot.EncryptablePropertySourceConverter - Converting PropertySource class path resource [application.yml] [org.springframework.core.io.support.ResourcePropertySource] to EncryptableMapPropertySourceWrapper - {} - %hmac 
2023-01-03 00:46:55,189 [INFO ] com.ulisesbocchio.jasyptspringboot.EncryptablePropertySourceConverter - Skipping PropertySource servletConfigInitParams [class org.springframework.core.env.PropertySource$StubPropertySource - {} - %hmac 
2023-01-03 00:46:55,190 [INFO ] com.ulisesbocchio.jasyptspringboot.EncryptablePropertySourceConverter - Converting PropertySource servletContextInitParams [org.springframework.web.context.support.ServletContextPropertySource] to EncryptableEnumerablePropertySourceWrapper - {} - %hmac 
2023-01-03 00:46:55,191 [INFO ] com.ulisesbocchio.jasyptspringboot.EncryptablePropertySourceConverter - Converting PropertySource systemProperties [org.springframework.core.env.PropertiesPropertySource] to EncryptableMapPropertySourceWrapper - {} - %hmac 
2023-01-03 00:46:55,193 [INFO ] com.ulisesbocchio.jasyptspringboot.EncryptablePropertySourceConverter - Converting PropertySource systemEnvironment [org.springframework.boot.env.SystemEnvironmentPropertySourceEnvironmentPostProcessor$OriginAwareSystemEnvironmentPropertySource] to EncryptableSystemEnvironmentPropertySourceWrapper - {} - %hmac 
2023-01-03 00:46:55,193 [INFO ] com.ulisesbocchio.jasyptspringboot.EncryptablePropertySourceConverter - Converting PropertySource random [org.springframework.boot.env.RandomValuePropertySource] to EncryptablePropertySourceWrapper - {} - %hmac 
2023-01-03 00:46:55,193 [INFO ] com.ulisesbocchio.jasyptspringboot.EncryptablePropertySourceConverter - Converting PropertySource cachedrandom [org.springframework.cloud.util.random.CachedRandomPropertySource] to EncryptablePropertySourceWrapper - {} - %hmac 
2023-01-03 00:46:55,193 [INFO ] com.ulisesbocchio.jasyptspringboot.EncryptablePropertySourceConverter - Converting PropertySource springCloudClientHostInfo [org.springframework.core.env.MapPropertySource] to EncryptableMapPropertySourceWrapper - {} - %hmac 
2023-01-03 00:46:55,194 [INFO ] com.ulisesbocchio.jasyptspringboot.EncryptablePropertySourceConverter - Converting PropertySource Config resource 'class path resource [application.yml]' via location 'optional:classpath:/' [org.springframework.boot.env.OriginTrackedMapPropertySource] to EncryptableMapPropertySourceWrapper - {} - %hmac 
2023-01-03 00:46:55,194 [INFO ] com.ulisesbocchio.jasyptspringboot.EncryptablePropertySourceConverter - Converting PropertySource defaultProperties [org.springframework.core.env.MapPropertySource] to EncryptableMapPropertySourceWrapper - {} - %hmac 
2023-01-03 00:46:56,660 [INFO ] com.ulisesbocchio.jasyptspringboot.filter.DefaultLazyPropertyFilter - Property Filter custom Bean not found with name 'encryptablePropertyFilter'. Initializing Default Property Filter - {} - %hmac 
2023-01-03 00:46:56,683 [INFO ] com.ulisesbocchio.jasyptspringboot.resolver.DefaultLazyPropertyResolver - Property Resolver custom Bean not found with name 'encryptablePropertyResolver'. Initializing Default Property Resolver - {} - %hmac 
2023-01-03 00:46:56,704 [INFO ] com.ulisesbocchio.jasyptspringboot.detector.DefaultLazyPropertyDetector - Property Detector custom Bean not found with name 'encryptablePropertyDetector'. Initializing Default Property Detector - {} - %hmac 
2023-01-03 00:46:57,168 [INFO ] org.hibernate.jpa.internal.util.LogHelper - HHH000204: Processing PersistenceUnitInfo [name: default] - {} - %hmac 
2023-01-03 00:46:57,303 [INFO ] org.hibernate.Version - HHH000412: Hibernate ORM core version 5.6.8.Final - {} - %hmac 
2023-01-03 00:46:57,704 [INFO ] org.hibernate.annotations.common.Version - HCANN000001: Hibernate Commons Annotations {5.1.2.Final} - {} - %hmac 
2023-01-03 00:46:58,052 [INFO ] com.zaxxer.hikari.HikariDataSource - HikariPool-1 - Starting... - {} - %hmac 
2023-01-03 00:46:58,999 [INFO ] com.zaxxer.hikari.HikariDataSource - HikariPool-1 - Start completed. - {} - %hmac 
2023-01-03 00:46:59,088 [INFO ] org.hibernate.dialect.Dialect - HHH000400: Using dialect: org.hibernate.dialect.H2Dialect - {} - %hmac 
2023-01-03 00:47:00,295 [WARN ] org.hibernate.mapping.RootClass - HHH000038: Composite-id class does not override equals(): com.zoetis.zdms.model.dictionary.localized.customertype.LocalizedCustomerTypeId - {} - %hmac 
2023-01-03 00:47:00,295 [WARN ] org.hibernate.mapping.RootClass - HHH000039: Composite-id class does not override hashCode(): com.zoetis.zdms.model.dictionary.localized.customertype.LocalizedCustomerTypeId - {} - %hmac 
2023-01-03 00:47:00,297 [WARN ] org.hibernate.mapping.RootClass - HHH000038: Composite-id class does not override equals(): com.zoetis.zdms.model.dictionary.localized.productavailability.LocalizedProductAvailabilityId - {} - %hmac 
2023-01-03 00:47:00,297 [WARN ] org.hibernate.mapping.RootClass - HHH000039: Composite-id class does not override hashCode(): com.zoetis.zdms.model.dictionary.localized.productavailability.LocalizedProductAvailabilityId - {} - %hmac 
2023-01-03 00:47:00,298 [WARN ] org.hibernate.mapping.RootClass - HHH000038: Composite-id class does not override equals(): com.zoetis.zdms.model.dictionary.localized.customerstatus.LocalizedCustomerStatusId - {} - %hmac 
2023-01-03 00:47:00,298 [WARN ] org.hibernate.mapping.RootClass - HHH000039: Composite-id class does not override hashCode(): com.zoetis.zdms.model.dictionary.localized.customerstatus.LocalizedCustomerStatusId - {} - %hmac 
2023-01-03 00:47:00,299 [WARN ] org.hibernate.mapping.RootClass - HHH000038: Composite-id class does not override equals(): com.zoetis.zdms.model.dictionary.localized.customerstate.LocalizedCustomerStateId - {} - %hmac 
2023-01-03 00:47:00,299 [WARN ] org.hibernate.mapping.RootClass - HHH000039: Composite-id class does not override hashCode(): com.zoetis.zdms.model.dictionary.localized.customerstate.LocalizedCustomerStateId - {} - %hmac 
2023-01-03 00:47:00,299 [WARN ] org.hibernate.mapping.RootClass - HHH000038: Composite-id class does not override equals(): com.zoetis.zdms.model.dictionary.localized.booleanvalue.LocalizedBooleanValueId - {} - %hmac 
2023-01-03 00:47:00,300 [WARN ] org.hibernate.mapping.RootClass - HHH000039: Composite-id class does not override hashCode(): com.zoetis.zdms.model.dictionary.localized.booleanvalue.LocalizedBooleanValueId - {} - %hmac 
2023-01-03 00:47:00,300 [WARN ] org.hibernate.mapping.RootClass - HHH000038: Composite-id class does not override equals(): com.zoetis.zdms.model.dictionary.localized.rejectionreason.LocalizedRejectionReasonId - {} - %hmac 
2023-01-03 00:47:00,301 [WARN ] org.hibernate.mapping.RootClass - HHH000039: Composite-id class does not override hashCode(): com.zoetis.zdms.model.dictionary.localized.rejectionreason.LocalizedRejectionReasonId - {} - %hmac 
2023-01-03 00:47:00,302 [WARN ] org.hibernate.mapping.RootClass - HHH000038: Composite-id class does not override equals(): com.zoetis.zdms.model.dictionary.localized.errorcode.LocalizedErrorCodeId - {} - %hmac 
2023-01-03 00:47:00,302 [WARN ] org.hibernate.mapping.RootClass - HHH000039: Composite-id class does not override hashCode(): com.zoetis.zdms.model.dictionary.localized.errorcode.LocalizedErrorCodeId - {} - %hmac 
2023-01-03 00:47:01,494 [INFO ] org.hibernate.engine.transaction.jta.platform.internal.JtaPlatformInitiator - HHH000490: Using JtaPlatform implementation: [org.hibernate.engine.transaction.jta.platform.internal.NoJtaPlatform] - {} - %hmac 
2023-01-03 00:47:01,514 [INFO ] org.springframework.orm.jpa.LocalContainerEntityManagerFactoryBean - Initialized JPA EntityManagerFactory for persistence unit 'default' - {} - %hmac 
2023-01-03 00:47:06,344 [WARN ] org.springframework.boot.autoconfigure.orm.jpa.JpaBaseConfiguration$JpaWebConfiguration - spring.jpa.open-in-view is enabled by default. Therefore, database queries may be performed during view rendering. Explicitly configure spring.jpa.open-in-view to disable this warning - {} - %hmac 
2023-01-03 00:47:09,561 [WARN ] org.springframework.boot.autoconfigure.security.servlet.UserDetailsServiceAutoConfiguration - 

Using generated security password: bb0674f6-18b5-4288-aebe-0e96a9c9dbda

This generated password is for development use only. Your security configuration must be updated before running your application in production.
 - {} - %hmac 
2023-01-03 00:47:10,408 [INFO ] org.springframework.boot.actuate.endpoint.web.EndpointLinksResolver - Exposing 1 endpoint(s) beneath base path '/actuator' - {} - %hmac 
2023-01-03 00:47:10,573 [INFO ] org.springframework.security.web.DefaultSecurityFilterChain - Will secure any request with [org.springframework.security.web.context.request.async.WebAsyncManagerIntegrationFilter@24e7e1ee, org.springframework.security.web.context.SecurityContextPersistenceFilter@719fceca, org.springframework.security.web.header.HeaderWriterFilter@6dc6fd48, org.springframework.web.filter.CorsFilter@781e2694, org.springframework.security.web.csrf.CsrfFilter@6ef66ada, org.springframework.security.web.authentication.logout.LogoutFilter@4bb9e9e9, org.springframework.security.web.authentication.UsernamePasswordAuthenticationFilter@2c5796b6, org.springframework.security.web.authentication.ui.DefaultLoginPageGeneratingFilter@51f80d8, org.springframework.security.web.authentication.ui.DefaultLogoutPageGeneratingFilter@22c2fd81, org.springframework.security.web.authentication.www.BasicAuthenticationFilter@13c73d13, org.springframework.security.web.savedrequest.RequestCacheAwareFilter@34e3a31, org.springframework.security.web.servletapi.SecurityContextHolderAwareRequestFilter@1ef35932, org.springframework.security.web.authentication.AnonymousAuthenticationFilter@5df47fb5, org.springframework.security.web.session.SessionManagementFilter@7def6c5d, org.springframework.security.web.access.ExceptionTranslationFilter@5313d2db, org.springframework.security.web.access.intercept.FilterSecurityInterceptor@25fe6a95] - {} - %hmac 
2023-01-03 00:47:12,577 [INFO ] com.zoetis.zdms.config.JacksonConfigTest - Started JacksonConfigTest in 24.162 seconds (JVM running for 29.246) - {} - %hmac 
]]></system-out>
  </testcase>
</testsuite>